<?xml version="1.0" encoding="UTF-8"?>
<!-- Generated by org.testng.reporters.JUnitReportReporter -->
<testsuite hostname="rrs-3M043F3" failures="0" tests="1" name="test.Tests.ErrorValidationsTest" time="12.271" errors="0" timestamp="2024-07-15T11:15:37 IST" skipped="0">
  <testcase classname="test.Tests.ErrorValidationsTest" name="errorValidation" time="12.271"/>
</testsuite> <!-- test.Tests.ErrorValidationsTest -->
