<?xml version="1.0" encoding="UTF-8"?>
<!-- Generated by org.testng.reporters.JUnitReportReporter -->
<testsuite hostname="rrs-3M043F3" failures="0" tests="1" name="test.SubmitOrderTest.ErrorValidations" time="10.812" errors="0" timestamp="2024-07-13T12:09:56 IST" skipped="0">
  <testcase classname="test.SubmitOrderTest.ErrorValidations" name="submitOrder" time="10.812"/>
</testsuite> <!-- test.SubmitOrderTest.ErrorValidations -->
