<?xml version="1.0" encoding="UTF-8"?>
<!-- Generated by org.testng.reporters.JUnitReportReporter -->
<testsuite hostname="rrs-3M043F3" failures="0" tests="3" name="test.Tests.SubmitOrderTest" time="46.458" errors="0" timestamp="2024-07-15T11:15:37 IST" skipped="0">
  <testcase classname="test.Tests.SubmitOrderTest" name="submitOrder" time="15.693"/>
  <testcase classname="test.Tests.SubmitOrderTest" name="submitOrder" time="16.384"/>
  <testcase classname="test.Tests.SubmitOrderTest" name="checkOrders" time="14.381"/>
</testsuite> <!-- test.Tests.SubmitOrderTest -->
