<?xml version="1.0" encoding="UTF-8"?>
<!-- Generated by org.testng.reporters.JUnitReportReporter -->
<testsuite hostname="rrs-3M043F3" failures="0" tests="1" name="cucumber.TestNGTestRunner" time="12.281" errors="0" timestamp="2024-07-17T10:19:41 IST" skipped="0">
  <testcase classname="cucumber.TestNGTestRunner" name="runScenario" time="12.281"/>
</testsuite> <!-- cucumber.TestNGTestRunner -->
