<?xml version="1.0" encoding="UTF-8"?>
<!-- Generated by org.testng.reporters.JUnitReportReporter -->
<testsuite hostname="rrs-3M043F3" failures="0" tests="1" name="test.SubmitOrderTest.Practice1" time="14.325" errors="0" timestamp="2024-07-13T11:48:38 IST" skipped="0">
  <testcase classname="test.SubmitOrderTest.Practice1" name="submitOrder" time="14.325"/>
</testsuite> <!-- test.SubmitOrderTest.Practice1 -->
