<?xml version="1.0" encoding="UTF-8"?>
<!-- Generated by org.testng.reporters.JUnitReportReporter -->
<testsuite hostname="rrs-3M043F3" failures="0" tests="3" name="test.Tests.SubmitOrderTest" time="27.402" errors="0" timestamp="2024-07-15T17:24:36 IST" skipped="0">
  <testcase classname="test.Tests.SubmitOrderTest" name="submitOrder" time="9.086"/>
  <testcase classname="test.Tests.SubmitOrderTest" name="checkOrders" time="7.340"/>
  <testcase classname="test.Tests.SubmitOrderTest" name="submitOrder" time="10.976"/>
</testsuite> <!-- test.Tests.SubmitOrderTest -->
