<?xml version="1.0" encoding="UTF-8"?>
<!-- Generated by org.testng.reporters.JUnitReportReporter -->
<testsuite hostname="rrs-3M043F3" failures="0" tests="1" name="test.Tests.ErrorValidationsTest" time="7.651" errors="0" timestamp="2024-07-15T17:24:36 IST" skipped="0">
  <testcase classname="test.Tests.ErrorValidationsTest" name="errorValidation" time="7.651"/>
</testsuite> <!-- test.Tests.ErrorValidationsTest -->
